Configuration Script log for thorn: ADMMacros:
Configuration Script log for thorn: Boundary:
Configuration Script log for thorn: Carpet:
Configuration Script log for thorn: CarpetLib:
Configuration Script log for thorn: CartGrid3D:
Configuration Script log for thorn: CoordBase:
Configuration Script log for thorn: GSL:
Configuration Script log for thorn: HDF5:
Additional requested language support:  Fortran
HDF5 selected, and /opt/cray/hdf5/1.10.2.0/INTEL/16.0 selected.
HDF5 found.
Setting the option "HDF5" is incompatible with the HDF5 thorn. Please remove the option HDF5=yes .
Configuration Script log for thorn: IOUtil:
Configuration Script log for thorn: LoopControl:
Configuration Script log for thorn: NaNChecker:
Configuration Script log for thorn: OS_collapse:
Configuration Script log for thorn: OS_toy:
Configuration Script log for thorn: SpaceMask:
Configuration Script log for thorn: TwoPunctures:
Configuration Script log for thorn: TwoPuncturesAEI:
Configuration Script log for thorn: ang_freq_ofBfield:
Configuration Script log for thorn: bbh_cookpfeiffer_rot:
Configuration Script log for thorn: bbhlorene:
Configuration Script log for thorn: bhns:
Configuration Script log for thorn: bssn:
Configuration Script log for thorn: cylindrical2d:
Configuration Script log for thorn: diagnostics_mhd:
Configuration Script log for thorn: diagnostics_vacuum:
Configuration Script log for thorn: disk_powerlaw:
Configuration Script log for thorn: em_extraction:
Configuration Script log for thorn: excision:
Configuration Script log for thorn: fisheye:
Configuration Script log for thorn: gw_extraction:
Configuration Script log for thorn: jobsuicide:
Configuration Script log for thorn: lapse:
Configuration Script log for thorn: linearized_wave:
Configuration Script log for thorn: mag_bondi:
Configuration Script log for thorn: magnetar:
Configuration Script log for thorn: mhd_evolve:
Configuration Script log for thorn: movingbox:
Configuration Script log for thorn: movingbox_for_boosted_bh:
Configuration Script log for thorn: nonlinear_alfven_wave:
Configuration Script log for thorn: shift:
Configuration Script log for thorn: shock_mhd:
Configuration Script log for thorn: zlib:
zlib selected, but ZLIB_DIR not set. Checking some places...
Found zlib in /usr
